<?xml version="1.0" encoding="UTF-8"?>
<!-- Generated by org.testng.reporters.JUnitReportReporter -->
<testsuite skipped="0" hostname="Binays-Air" name="flipkart.assignment.com.FlipkartTest" tests="1" failures="0" timestamp="2020-10-22T23:10:17 IST" time="31.785" errors="0">
  <testcase name="getIphoneData" time="31.785" classname="flipkart.assignment.com.FlipkartTest"/>
  <system-out/>
</testsuite> <!-- flipkart.assignment.com.FlipkartTest -->
