<?xml version="1.0" encoding="UTF-8"?>
<!-- Generated by org.testng.reporters.JUnitReportReporter -->
<testsuite hostname="Binays-Air" failures="0" tests="1" name="test.FlipkartTest" time="40.899" errors="0" timestamp="2020-10-22T19:15:37 IST" skipped="0">
  <testcase classname="test.FlipkartTest" name="getIphoneData" time="40.899"/>
  <system-out/>
</testsuite> <!-- test.FlipkartTest -->
